<?xml version="1.0" encoding="UTF-8"?>
<testsuite name="weather.WeatherFileValueParserTest" tests="1" skipped="0" failures="0" errors="0" timestamp="2022-02-14T13:23:46" hostname="SZENDEZSOMBOR" time="0.015">
  <properties/>
  <testcase name="Given_WeatherDataLine_When_GetDay_Then_ReturnCorrectDayValue()" classname="weather.WeatherFileValueParserTest" time="0.015"/>
  <system-out><![CDATA[]]></system-out>
  <system-err><![CDATA[]]></system-err>
</testsuite>
